<?xml version="1.0" encoding="UTF-8"?>
<!-- Generated by org.testng.reporters.JUnitXMLReporter -->
<testsuite ignored="3" hostname="Daniels-MBP.home" failures="0" tests="1" name="Default test" time="1.386" errors="0" timestamp="2020-11-19T01:09:37 EST">
  <testcase classname="sw409.RestAssuredHW.RestHW" name="DeleteEmployee" time="1.362"/>
  <testcase classname="sw409.RestAssuredHW.RestHW" name="UpdateEmployee" time="0.0">
    <ignored/>
  </testcase> <!-- UpdateEmployee -->
  <testcase classname="sw409.RestAssuredHW.RestHW" name="AddEmployee" time="0.0">
    <ignored/>
  </testcase> <!-- AddEmployee -->
  <testcase classname="sw409.RestAssuredHW.RestHW" name="GetEmployees" time="0.0">
    <ignored/>
  </testcase> <!-- GetEmployees -->
</testsuite> <!-- Default test -->
