<?xml version="1.0" encoding="UTF-8"?>
<testng-results ignored="3" total="4" passed="1" failed="0" skipped="0">
  <reporter-output>
  </reporter-output>
  <suite started-at="2020-11-19T01:09:35 EST" name="Default suite" finished-at="2020-11-19T01:09:37 EST" duration-ms="1386">
    <groups>
    </groups>
    <test started-at="2020-11-19T01:09:35 EST" name="Default test" finished-at="2020-11-19T01:09:37 EST" duration-ms="1386">
      <class name="sw409.RestAssuredHW.RestHW">
        <test-method signature="DeleteEmployee()[pri:0, instance:sw409.RestAssuredHW.RestHW@1018bde2]" started-at="2020-11-19T01:09:35 EST" name="DeleteEmployee" finished-at="2020-11-19T01:09:37 EST" duration-ms="1362" status="PASS">
          <reporter-output>
          </reporter-output>
        </test-method> <!-- DeleteEmployee -->
      </class> <!-- sw409.RestAssuredHW.RestHW -->
    </test> <!-- Default test -->
  </suite> <!-- Default suite -->
</testng-results>
